{"/home/yisroel/packages/stack-info-all/stack-info/src/index.ts": {"path":"/home/yisroel/packages/stack-info-all/stack-info/src/index.ts","statementMap":{"0":{"start":{"line":3,"column":22},"end":{"line":3,"column":53}},"1":{"start":{"line":10,"column":0},"end":{"line":10,"column":null}}},"fnMap":{},"branchMap":{},"s":{"0":1,"1":1},"f":{},"b":{}}
,"/home/yisroel/packages/stack-info-all/stack-info/src/custom/addJoins.ts": {"path":"/home/yisroel/packages/stack-info-all/stack-info/src/custom/addJoins.ts","statementMap":{"0":{"start":{"line":3,"column":0},"end":{"line":3,"column":33}},"1":{"start":{"line":6,"column":2},"end":{"line":15,"column":null}},"2":{"start":{"line":7,"column":4},"end":{"line":14,"column":null}},"3":{"start":{"line":8,"column":23},"end":{"line":8,"column":38}},"4":{"start":{"line":11,"column":6},"end":{"line":13,"column":null}},"5":{"start":{"line":16,"column":2},"end":{"line":16,"column":null}},"6":{"start":{"line":5,"column":0},"end":{"line":5,"column":16}}},"fnMap":{"0":{"name":"addJoins","decl":{"start":{"line":5,"column":16},"end":{"line":5,"column":24}},"loc":{"start":{"line":5,"column":57},"end":{"line":17,"column":1}}},"1":{"name":"(anonymous_1)","decl":{"start":{"line":7,"column":27},"end":{"line":7,"column":35}},"loc":{"start":{"line":7,"column":38},"end":{"line":14,"column":5}}}},"branchMap":{"0":{"loc":{"start":{"line":6,"column":2},"end":{"line":15,"column":null}},"type":"if","locations":[{"start":{"line":6,"column":2},"end":{"line":15,"column":null}},{"start":{"line":6,"column":2},"end":{"line":15,"column":null}}]}},"s":{"0":2,"1":0,"2":0,"3":0,"4":0,"5":0,"6":2},"f":{"0":0,"1":0},"b":{"0":[0,0]}}
,"/home/yisroel/packages/stack-info-all/stack-info/src/custom/addUnits.ts": {"path":"/home/yisroel/packages/stack-info-all/stack-info/src/custom/addUnits.ts","statementMap":{"0":{"start":{"line":1,"column":0},"end":{"line":1,"column":33}},"1":{"start":{"line":8,"column":2},"end":{"line":15,"column":null}},"2":{"start":{"line":9,"column":4},"end":{"line":14,"column":null}},"3":{"start":{"line":10,"column":23},"end":{"line":10,"column":40}},"4":{"start":{"line":11,"column":6},"end":{"line":13,"column":null}},"5":{"start":{"line":16,"column":2},"end":{"line":16,"column":null}},"6":{"start":{"line":5,"column":0},"end":{"line":5,"column":16}}},"fnMap":{"0":{"name":"addUnits","decl":{"start":{"line":5,"column":16},"end":{"line":5,"column":24}},"loc":{"start":{"line":6,"column":53},"end":{"line":17,"column":1}}},"1":{"name":"(anonymous_1)","decl":{"start":{"line":9,"column":27},"end":{"line":9,"column":37}},"loc":{"start":{"line":9,"column":40},"end":{"line":14,"column":5}}}},"branchMap":{"0":{"loc":{"start":{"line":8,"column":2},"end":{"line":15,"column":null}},"type":"if","locations":[{"start":{"line":8,"column":2},"end":{"line":15,"column":null}},{"start":{"line":8,"column":2},"end":{"line":15,"column":null}}]}},"s":{"0":2,"1":0,"2":0,"3":0,"4":0,"5":0,"6":2},"f":{"0":0,"1":0},"b":{"0":[0,0]}}
,"/home/yisroel/packages/stack-info-all/stack-info/src/custom/buildSchema.ts": {"path":"/home/yisroel/packages/stack-info-all/stack-info/src/custom/buildSchema.ts","statementMap":{"0":{"start":{"line":6,"column":0},"end":{"line":6,"column":43}},"1":{"start":{"line":8,"column":0},"end":{"line":8,"column":35}},"2":{"start":{"line":9,"column":0},"end":{"line":9,"column":35}},"3":{"start":{"line":10,"column":0},"end":{"line":10,"column":53}},"4":{"start":{"line":11,"column":18},"end":{"line":11,"column":55}},"5":{"start":{"line":12,"column":28},"end":{"line":18,"column":null}},"6":{"start":{"line":20,"column":87},"end":{"line":70,"column":1}},"7":{"start":{"line":21,"column":23},"end":{"line":21,"column":34}},"8":{"start":{"line":23,"column":2},"end":{"line":23,"column":null}},"9":{"start":{"line":25,"column":29},"end":{"line":25,"column":31}},"10":{"start":{"line":26,"column":2},"end":{"line":51,"column":null}},"11":{"start":{"line":27,"column":24},"end":{"line":27,"column":50}},"12":{"start":{"line":28,"column":4},"end":{"line":50,"column":null}},"13":{"start":{"line":29,"column":26},"end":{"line":29,"column":50}},"14":{"start":{"line":30,"column":6},"end":{"line":49,"column":null}},"15":{"start":{"line":31,"column":25},"end":{"line":31,"column":42}},"16":{"start":{"line":32,"column":26},"end":{"line":32,"column":47}},"17":{"start":{"line":33,"column":8},"end":{"line":48,"column":null}},"18":{"start":{"line":34,"column":27},"end":{"line":34,"column":41}},"19":{"start":{"line":35,"column":30},"end":{"line":35,"column":51}},"20":{"start":{"line":36,"column":10},"end":{"line":47,"column":null}},"21":{"start":{"line":37,"column":29},"end":{"line":37,"column":49}},"22":{"start":{"line":38,"column":32},"end":{"line":38,"column":104}},"23":{"start":{"line":39,"column":12},"end":{"line":46,"column":null}},"24":{"start":{"line":40,"column":14},"end":{"line":40,"column":null}},"25":{"start":{"line":41,"column":17},"end":{"line":46,"column":null}},"26":{"start":{"line":53,"column":2},"end":{"line":53,"column":null}},"27":{"start":{"line":55,"column":36},"end":{"line":55,"column":42}},"28":{"start":{"line":56,"column":2},"end":{"line":56,"column":null}},"29":{"start":{"line":58,"column":2},"end":{"line":60,"column":null}},"30":{"start":{"line":61,"column":2},"end":{"line":63,"column":null}},"31":{"start":{"line":62,"column":4},"end":{"line":62,"column":null}},"32":{"start":{"line":65,"column":2},"end":{"line":65,"column":null}},"33":{"start":{"line":69,"column":2},"end":{"line":69,"column":null}},"34":{"start":{"line":20,"column":13},"end":{"line":20,"column":87}}},"fnMap":{"0":{"name":"(anonymous_0)","decl":{"start":{"line":20,"column":87},"end":{"line":20,"column":92}},"loc":{"start":{"line":20,"column":135},"end":{"line":70,"column":1}}},"1":{"name":"(anonymous_1)","decl":{"start":{"line":30,"column":22},"end":{"line":30,"column":26}},"loc":{"start":{"line":30,"column":29},"end":{"line":49,"column":7}}},"2":{"name":"(anonymous_2)","decl":{"start":{"line":33,"column":22},"end":{"line":33,"column":26}},"loc":{"start":{"line":33,"column":29},"end":{"line":48,"column":9}}},"3":{"name":"(anonymous_3)","decl":{"start":{"line":36,"column":26},"end":{"line":36,"column":36}},"loc":{"start":{"line":36,"column":39},"end":{"line":47,"column":11}}}},"branchMap":{"0":{"loc":{"start":{"line":26,"column":2},"end":{"line":51,"column":null}},"type":"if","locations":[{"start":{"line":26,"column":2},"end":{"line":51,"column":null}},{"start":{"line":26,"column":2},"end":{"line":51,"column":null}}]},"1":{"loc":{"start":{"line":28,"column":4},"end":{"line":50,"column":null}},"type":"if","locations":[{"start":{"line":28,"column":4},"end":{"line":50,"column":null}},{"start":{"line":28,"column":4},"end":{"line":50,"column":null}}]},"2":{"loc":{"start":{"line":39,"column":12},"end":{"line":46,"column":null}},"type":"if","locations":[{"start":{"line":39,"column":12},"end":{"line":46,"column":null}},{"start":{"line":39,"column":12},"end":{"line":46,"column":null}}]},"3":{"loc":{"start":{"line":61,"column":2},"end":{"line":63,"column":null}},"type":"if","locations":[{"start":{"line":61,"column":2},"end":{"line":63,"column":null}},{"start":{"line":61,"column":2},"end":{"line":63,"column":null}}]}},"s":{"0":2,"1":2,"2":2,"3":2,"4":2,"5":2,"6":2,"7":0,"8":0,"9":0,"10":0,"11":0,"12":0,"13":0,"14":0,"15":0,"16":0,"17":0,"18":0,"19":0,"20":0,"21":0,"22":0,"23":0,"24":0,"25":0,"26":0,"27":0,"28":0,"29":0,"30":0,"31":0,"32":0,"33":0,"34":2},"f":{"0":0,"1":0,"2":0,"3":0},"b":{"0":[0,0],"1":[0,0],"2":[0,0],"3":[0,0]}}
,"/home/yisroel/packages/stack-info-all/stack-info/src/custom/buildSelectionTree.ts": {"path":"/home/yisroel/packages/stack-info-all/stack-info/src/custom/buildSelectionTree.ts","statementMap":{"0":{"start":{"line":3,"column":34},"end":{"line":33,"column":1}},"1":{"start":{"line":9,"column":15},"end":{"line":9,"column":30}},"2":{"start":{"line":11,"column":23},"end":{"line":11,"column":46}},"3":{"start":{"line":12,"column":19},"end":{"line":12,"column":42}},"4":{"start":{"line":16,"column":37},"end":{"line":16,"column":51}},"5":{"start":{"line":17,"column":2},"end":{"line":20,"column":null}},"6":{"start":{"line":18,"column":4},"end":{"line":18,"column":null}},"7":{"start":{"line":19,"column":4},"end":{"line":19,"column":null}},"8":{"start":{"line":23,"column":2},"end":{"line":30,"column":null}},"9":{"start":{"line":24,"column":18},"end":{"line":24,"column":29}},"10":{"start":{"line":25,"column":4},"end":{"line":29,"column":null}},"11":{"start":{"line":32,"column":2},"end":{"line":32,"column":null}},"12":{"start":{"line":3,"column":13},"end":{"line":3,"column":34}}},"fnMap":{"0":{"name":"(anonymous_0)","decl":{"start":{"line":3,"column":34},"end":{"line":3,"column":null}},"loc":{"start":{"line":7,"column":4},"end":{"line":33,"column":1}}}},"branchMap":{"0":{"loc":{"start":{"line":17,"column":2},"end":{"line":20,"column":null}},"type":"if","locations":[{"start":{"line":17,"column":2},"end":{"line":20,"column":null}},{"start":{"line":17,"column":2},"end":{"line":20,"column":null}}]}},"s":{"0":2,"1":0,"2":0,"3":0,"4":0,"5":0,"6":0,"7":0,"8":0,"9":0,"10":0,"11":0,"12":2},"f":{"0":0},"b":{"0":[0,0]}}
,"/home/yisroel/packages/stack-info-all/stack-info/src/custom/createSelectedRoot.ts": {"path":"/home/yisroel/packages/stack-info-all/stack-info/src/custom/createSelectedRoot.ts","statementMap":{"0":{"start":{"line":4,"column":23},"end":{"line":4,"column":37}},"1":{"start":{"line":5,"column":20},"end":{"line":5,"column":49}},"2":{"start":{"line":6,"column":27},"end":{"line":6,"column":53}},"3":{"start":{"line":7,"column":22},"end":{"line":7,"column":41}},"4":{"start":{"line":8,"column":15},"end":{"line":8,"column":28}},"5":{"start":{"line":9,"column":2},"end":{"line":13,"column":null}},"6":{"start":{"line":12,"column":4},"end":{"line":12,"column":null}},"7":{"start":{"line":14,"column":2},"end":{"line":14,"column":null}},"8":{"start":{"line":15,"column":2},"end":{"line":15,"column":null}},"9":{"start":{"line":3,"column":0},"end":{"line":3,"column":16}}},"fnMap":{"0":{"name":"createSelectedRoot","decl":{"start":{"line":3,"column":16},"end":{"line":3,"column":34}},"loc":{"start":{"line":3,"column":55},"end":{"line":16,"column":1}}}},"branchMap":{"0":{"loc":{"start":{"line":9,"column":2},"end":{"line":13,"column":null}},"type":"if","locations":[{"start":{"line":9,"column":2},"end":{"line":13,"column":null}},{"start":{"line":9,"column":2},"end":{"line":13,"column":null}}]},"1":{"loc":{"start":{"line":9,"column":6},"end":{"line":9,"column":10}},"type":"binary-expr","locations":[{"start":{"line":9,"column":6},"end":{"line":9,"column":10}},{"start":{"line":9,"column":14},"end":{"line":9,"column":41}}]}},"s":{"0":0,"1":0,"2":0,"3":0,"4":0,"5":0,"6":0,"7":0,"8":0,"9":2},"f":{"0":0},"b":{"0":[0,0],"1":[0,0]}}
,"/home/yisroel/packages/stack-info-all/stack-info/src/custom/newJoin.ts": {"path":"/home/yisroel/packages/stack-info-all/stack-info/src/custom/newJoin.ts","statementMap":{"0":{"start":{"line":4,"column":24},"end":{"line":4,"column":73}},"1":{"start":{"line":21,"column":23},"end":{"line":138,"column":1}},"2":{"start":{"line":27,"column":25},"end":{"line":27,"column":50}},"3":{"start":{"line":28,"column":19},"end":{"line":28,"column":38}},"4":{"start":{"line":29,"column":21},"end":{"line":29,"column":42}},"5":{"start":{"line":31,"column":2},"end":{"line":33,"column":null}},"6":{"start":{"line":32,"column":4},"end":{"line":32,"column":null}},"7":{"start":{"line":37,"column":19},"end":{"line":37,"column":29}},"8":{"start":{"line":39,"column":19},"end":{"line":39,"column":47}},"9":{"start":{"line":40,"column":17},"end":{"line":40,"column":43}},"10":{"start":{"line":42,"column":19},"end":{"line":42,"column":34}},"11":{"start":{"line":43,"column":19},"end":{"line":43,"column":32}},"12":{"start":{"line":44,"column":17},"end":{"line":44,"column":30}},"13":{"start":{"line":45,"column":17},"end":{"line":45,"column":28}},"14":{"start":{"line":47,"column":23},"end":{"line":47,"column":47}},"15":{"start":{"line":48,"column":2},"end":{"line":51,"column":null}},"16":{"start":{"line":51,"column":4},"end":{"line":51,"column":null}},"17":{"start":{"line":52,"column":2},"end":{"line":53,"column":null}},"18":{"start":{"line":53,"column":4},"end":{"line":53,"column":null}},"19":{"start":{"line":55,"column":2},"end":{"line":56,"column":null}},"20":{"start":{"line":55,"column":27},"end":{"line":56,"column":null}},"21":{"start":{"line":57,"column":2},"end":{"line":63,"column":null}},"22":{"start":{"line":65,"column":31},"end":{"line":65,"column":71}},"23":{"start":{"line":68,"column":2},"end":{"line":77,"column":null}},"24":{"start":{"line":69,"column":4},"end":{"line":77,"column":null}},"25":{"start":{"line":79,"column":2},"end":{"line":85,"column":null}},"26":{"start":{"line":137,"column":2},"end":{"line":137,"column":null}},"27":{"start":{"line":21,"column":13},"end":{"line":21,"column":23}}},"fnMap":{"0":{"name":"(anonymous_0)","decl":{"start":{"line":21,"column":23},"end":{"line":21,"column":null}},"loc":{"start":{"line":23,"column":4},"end":{"line":138,"column":1}}}},"branchMap":{"0":{"loc":{"start":{"line":31,"column":2},"end":{"line":33,"column":null}},"type":"if","locations":[{"start":{"line":31,"column":2},"end":{"line":33,"column":null}},{"start":{"line":31,"column":2},"end":{"line":33,"column":null}}]},"1":{"loc":{"start":{"line":48,"column":2},"end":{"line":51,"column":null}},"type":"if","locations":[{"start":{"line":48,"column":2},"end":{"line":51,"column":null}},{"start":{"line":48,"column":2},"end":{"line":51,"column":null}}]},"2":{"loc":{"start":{"line":48,"column":6},"end":{"line":48,"column":18}},"type":"binary-expr","locations":[{"start":{"line":48,"column":6},"end":{"line":48,"column":18}},{"start":{"line":49,"column":4},"end":{"line":49,"column":64}}]},"3":{"loc":{"start":{"line":52,"column":2},"end":{"line":53,"column":null}},"type":"if","locations":[{"start":{"line":52,"column":2},"end":{"line":53,"column":null}},{"start":{"line":52,"column":2},"end":{"line":53,"column":null}}]},"4":{"loc":{"start":{"line":52,"column":6},"end":{"line":52,"column":18}},"type":"binary-expr","locations":[{"start":{"line":52,"column":6},"end":{"line":52,"column":18}},{"start":{"line":52,"column":22},"end":{"line":52,"column":41}}]},"5":{"loc":{"start":{"line":55,"column":2},"end":{"line":56,"column":null}},"type":"if","locations":[{"start":{"line":55,"column":2},"end":{"line":56,"column":null}},{"start":{"line":55,"column":2},"end":{"line":56,"column":null}}]},"6":{"loc":{"start":{"line":68,"column":2},"end":{"line":77,"column":null}},"type":"if","locations":[{"start":{"line":68,"column":2},"end":{"line":77,"column":null}},{"start":{"line":68,"column":2},"end":{"line":77,"column":null}}]}},"s":{"0":2,"1":2,"2":0,"3":0,"4":0,"5":0,"6":0,"7":0,"8":0,"9":0,"10":0,"11":0,"12":0,"13":0,"14":0,"15":0,"16":0,"17":0,"18":0,"19":0,"20":0,"21":0,"22":0,"23":0,"24":0,"25":0,"26":0,"27":2},"f":{"0":0},"b":{"0":[0,0],"1":[0,0],"2":[0,0],"3":[0,0],"4":[0,0],"5":[0,0],"6":[0,0]}}
,"/home/yisroel/packages/stack-info-all/stack-info/src/custom/newType.ts": {"path":"/home/yisroel/packages/stack-info-all/stack-info/src/custom/newType.ts","statementMap":{"0":{"start":{"line":1,"column":62},"end":{"line":1,"column":97}},"1":{"start":{"line":4,"column":19},"end":{"line":4,"column":40}},"2":{"start":{"line":16,"column":2},"end":{"line":19,"column":null}},"3":{"start":{"line":17,"column":4},"end":{"line":18,"column":null}},"4":{"start":{"line":21,"column":31},"end":{"line":21,"column":69}},"5":{"start":{"line":22,"column":28},"end":{"line":22,"column":65}},"6":{"start":{"line":28,"column":2},"end":{"line":28,"column":null}},"7":{"start":{"line":29,"column":2},"end":{"line":29,"column":null}},"8":{"start":{"line":44,"column":23},"end":{"line":210,"column":1}},"9":{"start":{"line":51,"column":19},"end":{"line":51,"column":32}},"10":{"start":{"line":52,"column":21},"end":{"line":52,"column":36}},"11":{"start":{"line":53,"column":19},"end":{"line":53,"column":29}},"12":{"start":{"line":55,"column":19},"end":{"line":55,"column":35}},"13":{"start":{"line":56,"column":30},"end":{"line":56,"column":36}},"14":{"start":{"line":68,"column":2},"end":{"line":70,"column":null}},"15":{"start":{"line":69,"column":4},"end":{"line":69,"column":null}},"16":{"start":{"line":75,"column":2},"end":{"line":84,"column":null}},"17":{"start":{"line":76,"column":4},"end":{"line":76,"column":null}},"18":{"start":{"line":86,"column":2},"end":{"line":101,"column":null}},"19":{"start":{"line":87,"column":27},"end":{"line":87,"column":45}},"20":{"start":{"line":90,"column":26},"end":{"line":90,"column":37}},"21":{"start":{"line":91,"column":4},"end":{"line":93,"column":null}},"22":{"start":{"line":92,"column":6},"end":{"line":92,"column":null}},"23":{"start":{"line":96,"column":4},"end":{"line":100,"column":null}},"24":{"start":{"line":104,"column":2},"end":{"line":106,"column":null}},"25":{"start":{"line":105,"column":4},"end":{"line":105,"column":null}},"26":{"start":{"line":111,"column":2},"end":{"line":113,"column":null}},"27":{"start":{"line":112,"column":4},"end":{"line":112,"column":null}},"28":{"start":{"line":115,"column":2},"end":{"line":125,"column":null}},"29":{"start":{"line":117,"column":4},"end":{"line":119,"column":null}},"30":{"start":{"line":118,"column":6},"end":{"line":118,"column":null}},"31":{"start":{"line":120,"column":4},"end":{"line":123,"column":null}},"32":{"start":{"line":121,"column":6},"end":{"line":122,"column":null}},"33":{"start":{"line":140,"column":17},"end":{"line":140,"column":34}},"34":{"start":{"line":146,"column":2},"end":{"line":147,"column":null}},"35":{"start":{"line":147,"column":4},"end":{"line":147,"column":null}},"36":{"start":{"line":151,"column":2},"end":{"line":174,"column":null}},"37":{"start":{"line":152,"column":4},"end":{"line":158,"column":null}},"38":{"start":{"line":160,"column":4},"end":{"line":173,"column":null}},"39":{"start":{"line":180,"column":2},"end":{"line":180,"column":null}},"40":{"start":{"line":186,"column":2},"end":{"line":190,"column":null}},"41":{"start":{"line":189,"column":4},"end":{"line":189,"column":10}},"42":{"start":{"line":192,"column":2},"end":{"line":199,"column":null}},"43":{"start":{"line":44,"column":13},"end":{"line":44,"column":23}}},"fnMap":{"0":{"name":"handleParentOfAssn","decl":{"start":{"line":8,"column":9},"end":{"line":8,"column":27}},"loc":{"start":{"line":13,"column":18},"end":{"line":42,"column":1}}},"1":{"name":"(anonymous_1)","decl":{"start":{"line":44,"column":23},"end":{"line":44,"column":null}},"loc":{"start":{"line":50,"column":4},"end":{"line":210,"column":1}}}},"branchMap":{"0":{"loc":{"start":{"line":16,"column":2},"end":{"line":19,"column":null}},"type":"if","locations":[{"start":{"line":16,"column":2},"end":{"line":19,"column":null}},{"start":{"line":16,"column":2},"end":{"line":19,"column":null}}]},"1":{"loc":{"start":{"line":68,"column":2},"end":{"line":70,"column":null}},"type":"if","locations":[{"start":{"line":68,"column":2},"end":{"line":70,"column":null}},{"start":{"line":68,"column":2},"end":{"line":70,"column":null}}]},"2":{"loc":{"start":{"line":75,"column":2},"end":{"line":84,"column":null}},"type":"if","locations":[{"start":{"line":75,"column":2},"end":{"line":84,"column":null}},{"start":{"line":75,"column":2},"end":{"line":84,"column":null}}]},"3":{"loc":{"start":{"line":75,"column":6},"end":{"line":75,"column":23}},"type":"binary-expr","locations":[{"start":{"line":75,"column":6},"end":{"line":75,"column":23}},{"start":{"line":75,"column":27},"end":{"line":75,"column":69}}]},"4":{"loc":{"start":{"line":86,"column":2},"end":{"line":101,"column":null}},"type":"if","locations":[{"start":{"line":86,"column":2},"end":{"line":101,"column":null}},{"start":{"line":86,"column":2},"end":{"line":101,"column":null}}]},"5":{"loc":{"start":{"line":91,"column":4},"end":{"line":93,"column":null}},"type":"if","locations":[{"start":{"line":91,"column":4},"end":{"line":93,"column":null}},{"start":{"line":91,"column":4},"end":{"line":93,"column":null}}]},"6":{"loc":{"start":{"line":104,"column":2},"end":{"line":106,"column":null}},"type":"if","locations":[{"start":{"line":104,"column":2},"end":{"line":106,"column":null}},{"start":{"line":104,"column":2},"end":{"line":106,"column":null}}]},"7":{"loc":{"start":{"line":111,"column":2},"end":{"line":113,"column":null}},"type":"if","locations":[{"start":{"line":111,"column":2},"end":{"line":113,"column":null}},{"start":{"line":111,"column":2},"end":{"line":113,"column":null}}]},"8":{"loc":{"start":{"line":111,"column":6},"end":{"line":111,"column":29}},"type":"binary-expr","locations":[{"start":{"line":111,"column":6},"end":{"line":111,"column":29}},{"start":{"line":111,"column":33},"end":{"line":111,"column":78}}]},"9":{"loc":{"start":{"line":115,"column":2},"end":{"line":125,"column":null}},"type":"if","locations":[{"start":{"line":115,"column":2},"end":{"line":125,"column":null}},{"start":{"line":115,"column":2},"end":{"line":125,"column":null}}]},"10":{"loc":{"start":{"line":117,"column":4},"end":{"line":119,"column":null}},"type":"if","locations":[{"start":{"line":117,"column":4},"end":{"line":119,"column":null}},{"start":{"line":117,"column":4},"end":{"line":119,"column":null}}]},"11":{"loc":{"start":{"line":120,"column":4},"end":{"line":123,"column":null}},"type":"if","locations":[{"start":{"line":120,"column":4},"end":{"line":123,"column":null}},{"start":{"line":120,"column":4},"end":{"line":123,"column":null}}]},"12":{"loc":{"start":{"line":146,"column":2},"end":{"line":147,"column":null}},"type":"if","locations":[{"start":{"line":146,"column":2},"end":{"line":147,"column":null}},{"start":{"line":146,"column":2},"end":{"line":147,"column":null}}]},"13":{"loc":{"start":{"line":151,"column":2},"end":{"line":174,"column":null}},"type":"if","locations":[{"start":{"line":151,"column":2},"end":{"line":174,"column":null}},{"start":{"line":151,"column":2},"end":{"line":174,"column":null}}]},"14":{"loc":{"start":{"line":186,"column":2},"end":{"line":190,"column":null}},"type":"if","locations":[{"start":{"line":186,"column":2},"end":{"line":190,"column":null}},{"start":{"line":186,"column":2},"end":{"line":190,"column":null}}]}},"s":{"0":2,"1":2,"2":0,"3":0,"4":0,"5":0,"6":0,"7":0,"8":2,"9":0,"10":0,"11":0,"12":0,"13":0,"14":0,"15":0,"16":0,"17":0,"18":0,"19":0,"20":0,"21":0,"22":0,"23":0,"24":0,"25":0,"26":0,"27":0,"28":0,"29":0,"30":0,"31":0,"32":0,"33":0,"34":0,"35":0,"36":0,"37":0,"38":0,"39":0,"40":0,"41":0,"42":0,"43":2},"f":{"0":0,"1":0},"b":{"0":[0,0],"1":[0,0],"2":[0,0],"3":[0,0],"4":[0,0],"5":[0,0],"6":[0,0],"7":[0,0],"8":[0,0],"9":[0,0],"10":[0,0],"11":[0,0],"12":[0,0],"13":[0,0],"14":[0,0]}}
,"/home/yisroel/packages/stack-info-all/stack-info/src/custom/newUnit.ts": {"path":"/home/yisroel/packages/stack-info-all/stack-info/src/custom/newUnit.ts","statementMap":{"0":{"start":{"line":1,"column":34},"end":{"line":1,"column":69}},"1":{"start":{"line":5,"column":17},"end":{"line":5,"column":36}},"2":{"start":{"line":7,"column":18},"end":{"line":7,"column":55}},"3":{"start":{"line":8,"column":0},"end":{"line":8,"column":33}},"4":{"start":{"line":10,"column":24},"end":{"line":10,"column":73}},"5":{"start":{"line":23,"column":23},"end":{"line":117,"column":1}},"6":{"start":{"line":30,"column":39},"end":{"line":30,"column":64}},"7":{"start":{"line":31,"column":27},"end":{"line":31,"column":46}},"8":{"start":{"line":33,"column":17},"end":{"line":33,"column":38}},"9":{"start":{"line":34,"column":2},"end":{"line":35,"column":null}},"10":{"start":{"line":35,"column":4},"end":{"line":35,"column":null}},"11":{"start":{"line":37,"column":22},"end":{"line":37,"column":30}},"12":{"start":{"line":39,"column":2},"end":{"line":42,"column":null}},"13":{"start":{"line":40,"column":4},"end":{"line":41,"column":null}},"14":{"start":{"line":44,"column":15},"end":{"line":44,"column":17}},"15":{"start":{"line":45,"column":2},"end":{"line":45,"column":null}},"16":{"start":{"line":45,"column":21},"end":{"line":45,"column":null}},"17":{"start":{"line":47,"column":2},"end":{"line":64,"column":null}},"18":{"start":{"line":66,"column":2},"end":{"line":68,"column":null}},"19":{"start":{"line":67,"column":4},"end":{"line":67,"column":null}},"20":{"start":{"line":72,"column":2},"end":{"line":116,"column":null}},"21":{"start":{"line":77,"column":4},"end":{"line":77,"column":27}},"22":{"start":{"line":77,"column":21},"end":{"line":77,"column":27}},"23":{"start":{"line":80,"column":23},"end":{"line":80,"column":31}},"24":{"start":{"line":81,"column":21},"end":{"line":81,"column":46}},"25":{"start":{"line":82,"column":21},"end":{"line":82,"column":25}},"26":{"start":{"line":85,"column":19},"end":{"line":85,"column":23}},"27":{"start":{"line":87,"column":4},"end":{"line":92,"column":null}},"28":{"start":{"line":88,"column":6},"end":{"line":88,"column":null}},"29":{"start":{"line":91,"column":6},"end":{"line":91,"column":null}},"30":{"start":{"line":101,"column":4},"end":{"line":109,"column":null}},"31":{"start":{"line":102,"column":6},"end":{"line":104,"column":null}},"32":{"start":{"line":107,"column":6},"end":{"line":107,"column":null}},"33":{"start":{"line":108,"column":6},"end":{"line":108,"column":null}},"34":{"start":{"line":23,"column":13},"end":{"line":23,"column":23}}},"fnMap":{"0":{"name":"(anonymous_0)","decl":{"start":{"line":23,"column":23},"end":{"line":23,"column":null}},"loc":{"start":{"line":28,"column":4},"end":{"line":117,"column":1}}},"1":{"name":"(anonymous_1)","decl":{"start":{"line":72,"column":26},"end":{"line":72,"column":null}},"loc":{"start":{"line":72,"column":26},"end":{"line":116,"column":3}}}},"branchMap":{"0":{"loc":{"start":{"line":34,"column":2},"end":{"line":35,"column":null}},"type":"if","locations":[{"start":{"line":34,"column":2},"end":{"line":35,"column":null}},{"start":{"line":34,"column":2},"end":{"line":35,"column":null}}]},"1":{"loc":{"start":{"line":39,"column":2},"end":{"line":42,"column":null}},"type":"if","locations":[{"start":{"line":39,"column":2},"end":{"line":42,"column":null}},{"start":{"line":39,"column":2},"end":{"line":42,"column":null}}]},"2":{"loc":{"start":{"line":45,"column":2},"end":{"line":45,"column":null}},"type":"if","locations":[{"start":{"line":45,"column":2},"end":{"line":45,"column":null}},{"start":{"line":45,"column":2},"end":{"line":45,"column":null}}]},"3":{"loc":{"start":{"line":66,"column":2},"end":{"line":68,"column":null}},"type":"if","locations":[{"start":{"line":66,"column":2},"end":{"line":68,"column":null}},{"start":{"line":66,"column":2},"end":{"line":68,"column":null}}]},"4":{"loc":{"start":{"line":77,"column":4},"end":{"line":77,"column":27}},"type":"if","locations":[{"start":{"line":77,"column":4},"end":{"line":77,"column":27}},{"start":{"line":77,"column":4},"end":{"line":77,"column":27}}]},"5":{"loc":{"start":{"line":87,"column":4},"end":{"line":92,"column":null}},"type":"if","locations":[{"start":{"line":87,"column":4},"end":{"line":92,"column":null}},{"start":{"line":87,"column":4},"end":{"line":92,"column":null}}]}},"s":{"0":2,"1":2,"2":2,"3":2,"4":2,"5":2,"6":0,"7":0,"8":0,"9":0,"10":0,"11":0,"12":0,"13":0,"14":0,"15":0,"16":0,"17":0,"18":0,"19":0,"20":0,"21":0,"22":0,"23":0,"24":0,"25":0,"26":0,"27":0,"28":0,"29":0,"30":0,"31":0,"32":0,"33":0,"34":2},"f":{"0":0,"1":0},"b":{"0":[0,0],"1":[0,0],"2":[0,0],"3":[0,0],"4":[0,0],"5":[0,0]}}
,"/home/yisroel/packages/stack-info-all/stack-info/src/custom/newUserClass.ts": {"path":"/home/yisroel/packages/stack-info-all/stack-info/src/custom/newUserClass.ts","statementMap":{"0":{"start":{"line":3,"column":28},"end":{"line":16,"column":1}},"1":{"start":{"line":4,"column":2},"end":{"line":7,"column":null}},"2":{"start":{"line":9,"column":2},"end":{"line":13,"column":null}},"3":{"start":{"line":15,"column":2},"end":{"line":15,"column":null}},"4":{"start":{"line":3,"column":13},"end":{"line":3,"column":28}}},"fnMap":{"0":{"name":"(anonymous_0)","decl":{"start":{"line":3,"column":28},"end":{"line":3,"column":29}},"loc":{"start":{"line":3,"column":70},"end":{"line":16,"column":1}}}},"branchMap":{},"s":{"0":2,"1":0,"2":0,"3":0,"4":2},"f":{"0":0},"b":{}}
,"/home/yisroel/packages/stack-info-all/stack-info/src/custom/setSelectionRoots.ts": {"path":"/home/yisroel/packages/stack-info-all/stack-info/src/custom/setSelectionRoots.ts","statementMap":{"0":{"start":{"line":3,"column":21},"end":{"line":3,"column":35}},"1":{"start":{"line":4,"column":0},"end":{"line":4,"column":55}},"2":{"start":{"line":5,"column":0},"end":{"line":5,"column":55}},"3":{"start":{"line":7,"column":33},"end":{"line":34,"column":1}},"4":{"start":{"line":10,"column":16},"end":{"line":10,"column":29}},"5":{"start":{"line":11,"column":19},"end":{"line":11,"column":37}},"6":{"start":{"line":13,"column":2},"end":{"line":31,"column":null}},"7":{"start":{"line":14,"column":19},"end":{"line":14,"column":37}},"8":{"start":{"line":15,"column":25},"end":{"line":15,"column":46}},"9":{"start":{"line":18,"column":27},"end":{"line":18,"column":46}},"10":{"start":{"line":21,"column":4},"end":{"line":24,"column":null}},"11":{"start":{"line":22,"column":24},"end":{"line":22,"column":41}},"12":{"start":{"line":23,"column":6},"end":{"line":23,"column":null}},"13":{"start":{"line":26,"column":4},"end":{"line":26,"column":null}},"14":{"start":{"line":26,"column":24},"end":{"line":26,"column":null}},"15":{"start":{"line":27,"column":4},"end":{"line":29,"column":null}},"16":{"start":{"line":30,"column":4},"end":{"line":30,"column":null}},"17":{"start":{"line":33,"column":2},"end":{"line":33,"column":null}},"18":{"start":{"line":7,"column":13},"end":{"line":7,"column":33}}},"fnMap":{"0":{"name":"(anonymous_0)","decl":{"start":{"line":7,"column":33},"end":{"line":7,"column":34}},"loc":{"start":{"line":7,"column":51},"end":{"line":34,"column":1}}}},"branchMap":{"0":{"loc":{"start":{"line":26,"column":4},"end":{"line":26,"column":null}},"type":"if","locations":[{"start":{"line":26,"column":4},"end":{"line":26,"column":null}},{"start":{"line":26,"column":4},"end":{"line":26,"column":null}}]}},"s":{"0":2,"1":2,"2":2,"3":2,"4":0,"5":0,"6":0,"7":0,"8":0,"9":0,"10":0,"11":0,"12":0,"13":0,"14":0,"15":0,"16":0,"17":0,"18":2},"f":{"0":0},"b":{"0":[0,0]}}
}
